<?xml version="1.0" encoding="UTF-8"?>
<checkstyle version="8.39">
<file name="C:\Users\smith\OneDrive\Documents\INTERN\Formulatrix\automationTesting\phptravel\src\test\java\pageObject\LoginPage.java">
<error line="1" column="9" severity="error" message="Name &apos;pageObject&apos; must match pattern &apos;^[a-z]+(\.[a-z][a-z0-9]*)*$&apos;." source="com.puppycrawl.tools.checkstyle.checks.naming.PackageNameCheck"/>
<error line="6" column="1" severity="error" message="Missing a Javadoc comment." source="com.puppycrawl.tools.checkstyle.checks.javadoc.MissingJavadocTypeCheck"/>
<error line="7" column="5" severity="error" message="Missing a Javadoc comment." source="com.puppycrawl.tools.checkstyle.checks.javadoc.JavadocVariableCheck"/>
<error line="7" column="25" severity="error" message="Variable &apos;driver&apos; must be private and have accessor methods." source="com.puppycrawl.tools.checkstyle.checks.design.VisibilityModifierCheck"/>
<error line="9" column="16" severity="error" message="Name &apos;txt_email_login&apos; must match pattern &apos;^[a-z][a-zA-Z0-9]*$&apos;." source="com.puppycrawl.tools.checkstyle.checks.naming.MemberNameCheck"/>
<error line="10" column="16" severity="error" message="Name &apos;txt_password_login&apos; must match pattern &apos;^[a-z][a-zA-Z0-9]*$&apos;." source="com.puppycrawl.tools.checkstyle.checks.naming.MemberNameCheck"/>
<error line="11" severity="error" message="Line is longer than 120 characters (found 216)." source="com.puppycrawl.tools.checkstyle.checks.sizes.LineLengthCheck"/>
<error line="11" column="16" severity="error" message="Name &apos;btn_login_login&apos; must match pattern &apos;^[a-z][a-zA-Z0-9]*$&apos;." source="com.puppycrawl.tools.checkstyle.checks.naming.MemberNameCheck"/>
<error line="17" column="41" severity="error" message="&apos;{&apos; is not preceded with whitespace." source="com.puppycrawl.tools.checkstyle.checks.whitespace.WhitespaceAroundCheck"/>
<error line="21" column="47" severity="error" message="&apos;{&apos; is not preceded with whitespace." source="com.puppycrawl.tools.checkstyle.checks.whitespace.WhitespaceAroundCheck"/>
<error line="25" column="29" severity="error" message="&apos;{&apos; is not preceded with whitespace." source="com.puppycrawl.tools.checkstyle.checks.whitespace.WhitespaceAroundCheck"/>
</file>
<file name="C:\Users\smith\OneDrive\Documents\INTERN\Formulatrix\automationTesting\phptravel\src\test\java\stepDefinitions\login_steps.java">
<error line="1" column="9" severity="error" message="Name &apos;stepDefinitions&apos; must match pattern &apos;^[a-z]+(\.[a-z][a-z0-9]*)*$&apos;." source="com.puppycrawl.tools.checkstyle.checks.naming.PackageNameCheck"/>
<error line="6" column="1" severity="error" message="Wrong order for &apos;java.time.Duration&apos; import." source="com.puppycrawl.tools.checkstyle.checks.imports.ImportOrderCheck"/>
<error line="8" column="1" severity="error" message="Extra separation in import group before &apos;org.openqa.selenium.By&apos;" source="com.puppycrawl.tools.checkstyle.checks.imports.ImportOrderCheck"/>
<error line="12" column="1" severity="error" message="Extra separation in import group before &apos;io.cucumber.java.After&apos;" source="com.puppycrawl.tools.checkstyle.checks.imports.ImportOrderCheck"/>
<error line="12" column="1" severity="error" message="Wrong order for &apos;io.cucumber.java.After&apos; import." source="com.puppycrawl.tools.checkstyle.checks.imports.ImportOrderCheck"/>
<error line="14" column="27" severity="error" message="Using the &apos;.*&apos; form of import should be avoided - io.cucumber.java.en.*." source="com.puppycrawl.tools.checkstyle.checks.imports.AvoidStarImportCheck"/>
<error line="16" column="1" severity="error" message="Extra separation in import group before &apos;pageObject.LoginPage&apos;" source="com.puppycrawl.tools.checkstyle.checks.imports.ImportOrderCheck"/>
<error line="18" column="1" severity="error" message="Missing a Javadoc comment." source="com.puppycrawl.tools.checkstyle.checks.javadoc.MissingJavadocTypeCheck"/>
<error line="18" column="14" severity="error" message="Name &apos;login_steps&apos; must match pattern &apos;^[A-Z][a-zA-Z0-9]*$&apos;." source="com.puppycrawl.tools.checkstyle.checks.naming.TypeNameCheck"/>
<error line="19" column="5" severity="error" message="Missing a Javadoc comment." source="com.puppycrawl.tools.checkstyle.checks.javadoc.JavadocVariableCheck"/>
<error line="19" column="22" severity="error" message="Variable &apos;driver&apos; explicitly initialized to &apos;null&apos; (default value for its type)." source="com.puppycrawl.tools.checkstyle.checks.coding.ExplicitInitializationCheck"/>
<error line="19" column="22" severity="error" message="Variable &apos;driver&apos; must be private and have accessor methods." source="com.puppycrawl.tools.checkstyle.checks.design.VisibilityModifierCheck"/>
<error line="20" column="15" severity="error" message="Variable &apos;loginPage&apos; must be private and have accessor methods." source="com.puppycrawl.tools.checkstyle.checks.design.VisibilityModifierCheck"/>
<error line="23" column="31" severity="error" message="&apos;{&apos; is not preceded with whitespace." source="com.puppycrawl.tools.checkstyle.checks.whitespace.WhitespaceAroundCheck"/>
<error line="26" column="66" severity="error" message="&apos;+&apos; is not followed by whitespace." source="com.puppycrawl.tools.checkstyle.checks.whitespace.WhitespaceAroundCheck"/>
<error line="26" column="66" severity="error" message="&apos;+&apos; is not preceded with whitespace." source="com.puppycrawl.tools.checkstyle.checks.whitespace.WhitespaceAroundCheck"/>
<error line="31" column="70" severity="error" message="&apos;30&apos; is a magic number." source="com.puppycrawl.tools.checkstyle.checks.coding.MagicNumberCheck"/>
<error line="32" column="71" severity="error" message="&apos;40&apos; is a magic number." source="com.puppycrawl.tools.checkstyle.checks.coding.MagicNumberCheck"/>
<error line="36" column="27" severity="error" message="&apos;{&apos; is not preceded with whitespace." source="com.puppycrawl.tools.checkstyle.checks.whitespace.WhitespaceAroundCheck"/>
<error line="47" column="5" severity="error" message="Missing a Javadoc comment." source="com.puppycrawl.tools.checkstyle.checks.javadoc.MissingJavadocMethodCheck"/>
<error line="49" column="16" severity="error" message="Name &apos;ActualTitle&apos; must match pattern &apos;^[a-z][a-zA-Z0-9]*$&apos;." source="com.puppycrawl.tools.checkstyle.checks.naming.LocalVariableNameCheck"/>
<error line="50" column="16" severity="error" message="Name &apos;ExpectedTitle&apos; must match pattern &apos;^[a-z][a-zA-Z0-9]*$&apos;." source="com.puppycrawl.tools.checkstyle.checks.naming.LocalVariableNameCheck"/>
<error line="54" column="5" severity="error" message="Missing a Javadoc comment." source="com.puppycrawl.tools.checkstyle.checks.javadoc.MissingJavadocMethodCheck"/>
<error line="66" column="5" severity="error" message="Missing a Javadoc comment." source="com.puppycrawl.tools.checkstyle.checks.javadoc.MissingJavadocMethodCheck"/>
<error line="68" column="16" severity="error" message="Name &apos;ActualTitle&apos; must match pattern &apos;^[a-z][a-zA-Z0-9]*$&apos;." source="com.puppycrawl.tools.checkstyle.checks.naming.LocalVariableNameCheck"/>
<error line="69" column="16" severity="error" message="Name &apos;ExpectedTitle&apos; must match pattern &apos;^[a-z][a-zA-Z0-9]*$&apos;." source="com.puppycrawl.tools.checkstyle.checks.naming.LocalVariableNameCheck"/>
<error line="73" column="5" severity="error" message="&apos;METHOD_DEF&apos; should be separated from previous statement." source="com.puppycrawl.tools.checkstyle.checks.whitespace.EmptyLineSeparatorCheck"/>
</file>
<file name="C:\Users\smith\OneDrive\Documents\INTERN\Formulatrix\automationTesting\phptravel\src\test\java\testRunner\TestRunner.java">
<error line="1" column="9" severity="error" message="Name &apos;testRunner&apos; must match pattern &apos;^[a-z]+(\.[a-z][a-z0-9]*)*$&apos;." source="com.puppycrawl.tools.checkstyle.checks.naming.PackageNameCheck"/>
<error line="5" column="1" severity="error" message="Extra separation in import group before &apos;io.cucumber.junit.Cucumber&apos;" source="com.puppycrawl.tools.checkstyle.checks.imports.ImportOrderCheck"/>
<error line="5" column="1" severity="error" message="Wrong order for &apos;io.cucumber.junit.Cucumber&apos; import." source="com.puppycrawl.tools.checkstyle.checks.imports.ImportOrderCheck"/>
<error line="8" column="1" severity="error" message="Missing a Javadoc comment." source="com.puppycrawl.tools.checkstyle.checks.javadoc.MissingJavadocTypeCheck"/>
<error line="9" column="2" severity="error" message="&apos;class def modifier&apos; has incorrect indentation level 1, expected level should be 0." source="com.puppycrawl.tools.checkstyle.checks.indentation.IndentationCheck"/>
<error line="10" column="25" severity="error" message="&apos;=&apos; is not preceded with whitespace." source="com.puppycrawl.tools.checkstyle.checks.whitespace.WhitespaceAroundCheck"/>
</file>
</checkstyle>
